[0m13:56:33.897309 [debug] [MainThread]: Sending event: {'category': 'dbt', 'action': 'invocation', 'label': 'start', 'context': [<snowplow_tracker.self_describing_json.SelfDescribingJson object at 0x1054442f0>, <snowplow_tracker.self_describing_json.SelfDescribingJson object at 0x106959460>, <snowplow_tracker.self_describing_json.SelfDescribingJson object at 0x106959160>]}


============================== 13:56:33.909577 | 662a4e53-bd37-41c9-a15c-2fb724bbdf04 ==============================
[0m13:56:33.909577 [info ] [MainThread]: Running with dbt=1.8.5
[0m13:56:33.910636 [debug] [MainThread]: running dbt with arguments {'printer_width': '80', 'indirect_selection': 'eager', 'write_json': 'True', 'log_cache_events': 'False', 'partial_parse': 'True', 'cache_selected_only': 'False', 'warn_error': 'None', 'debug': 'False', 'version_check': 'True', 'log_path': 'logs', 'profiles_dir': '/Users/micahonyedikachitobias/.dbt', 'fail_fast': 'False', 'use_colors': 'True', 'use_experimental_parser': 'False', 'empty': 'None', 'quiet': 'False', 'no_print': 'None', 'log_format': 'default', 'invocation_command': 'dbt init', 'warn_error_options': 'WarnErrorOptions(include=[], exclude=[])', 'introspect': 'True', 'target_path': 'None', 'static_parser': 'True', 'send_anonymous_usage_stats': 'True'}
[0m13:57:31.147759 [debug] [MainThread]: Starter project path: /Users/micahonyedikachitobias/Desktop/Capstone_Project/venv/lib/python3.12/site-packages/dbt/include/starter_project
[0m13:57:31.167744 [info ] [MainThread]: 
Your new dbt project "ecommerce_project" was created!

For more information on how to configure the profiles.yml file,
please consult the dbt documentation here:

  https://docs.getdbt.com/docs/configure-your-profile

One more thing:

Need help? Don't hesitate to reach out to us via GitHub issues or on Slack:

  https://community.getdbt.com/

Happy modeling!

[0m13:57:31.168497 [info ] [MainThread]: Setting up your profile.
[0m14:01:59.415469 [info ] [MainThread]: Profile ecommerce_project written to /Users/micahonyedikachitobias/.dbt/profiles.yml using target's profile_template.yml and your supplied values. Run 'dbt debug' to validate the connection.
[0m14:01:59.482701 [debug] [MainThread]: Resource report: {"command_name": "init", "command_success": true, "command_wall_clock_time": 325.6979, "process_user_time": 2.739338, "process_kernel_time": 0.83426, "process_mem_max_rss": "170098688", "process_in_blocks": "0", "process_out_blocks": "0"}
[0m14:01:59.483666 [debug] [MainThread]: Command `dbt init` succeeded at 14:01:59.483484 after 325.70 seconds
[0m14:01:59.484287 [debug] [MainThread]: Sending event: {'category': 'dbt', 'action': 'invocation', 'label': 'end', 'context': [<snowplow_tracker.self_describing_json.SelfDescribingJson object at 0x105d28e00>, <snowplow_tracker.self_describing_json.SelfDescribingJson object at 0x10d5ed580>, <snowplow_tracker.self_describing_json.SelfDescribingJson object at 0x10d626270>]}
[0m14:01:59.484903 [debug] [MainThread]: Flushing usage events
